<?xml version="1.0" encoding="UTF-8"?>
<!-- Generated by org.testng.reporters.JUnitReportReporter -->
<testsuite hostname="DESKTOP-V8I7LSO" failures="0" tests="4" name="test.TC2_LoginWithValidData" time="18.327" errors="0" timestamp="2024-02-17T07:43:57 AEDT" skipped="0">
  <testcase classname="test.TC2_LoginWithValidData" name="verifyHomePage" time="0.079"/>
  <testcase classname="test.TC2_LoginWithValidData" name="InvalidLogin" time="1.849"/>
  <testcase classname="test.TC2_LoginWithValidData" name="Logout" time="9.077"/>
  <testcase classname="test.TC2_LoginWithValidData" name="validLogin" time="7.322"/>
</testsuite> <!-- test.TC2_LoginWithValidData -->
