<?xml version="1.0" encoding="UTF-8"?>
<!-- Generated by org.testng.reporters.JUnitReportReporter -->
<testsuite hostname="DESKTOP-V8I7LSO" failures="0" tests="1" name="test.TC19_ViewBrandProducts" time="7.262" errors="0" timestamp="2024-02-21T18:26:49 AEDT" skipped="0">
  <testcase classname="test.TC19_ViewBrandProducts" name="verifyViewBrandProducts" time="7.262"/>
</testsuite> <!-- test.TC19_ViewBrandProducts -->
