<?xml version="1.0" encoding="UTF-8"?>
<!-- Generated by org.testng.reporters.JUnitReportReporter -->
<testsuite hostname="DESKTOP-V8I7LSO" failures="0" tests="4" name="test.TC2_3_4_5_LoginAndLogoutFunction" time="14.435" errors="0" timestamp="2024-02-21T18:04:45 AEDT" skipped="0">
  <testcase classname="test.TC2_3_4_5_LoginAndLogoutFunction" name="InvalidLogin" time="4.126"/>
  <testcase classname="test.TC2_3_4_5_LoginAndLogoutFunction" name="Logout" time="4.774"/>
  <testcase classname="test.TC2_3_4_5_LoginAndLogoutFunction" name="AlreadyExistedEmail" time="1.492"/>
  <testcase classname="test.TC2_3_4_5_LoginAndLogoutFunction" name="validLogin" time="4.043"/>
</testsuite> <!-- test.TC2_3_4_5_LoginAndLogoutFunction -->
