<?xml version="1.0" encoding="UTF-8"?>
<!-- Generated by org.testng.reporters.JUnitReportReporter -->
<testsuite hostname="DESKTOP-V8I7LSO" failures="0" tests="1" name="test.TC21_AddReviewOnProduct" time="2.679" errors="0" timestamp="2024-02-21T18:30:42 AEDT" skipped="0">
  <testcase classname="test.TC21_AddReviewOnProduct" name="VerrifyReviewAddedOnProduct" time="2.679"/>
</testsuite> <!-- test.TC21_AddReviewOnProduct -->
