<?xml version="1.0" encoding="UTF-8"?>
<!-- Generated by org.testng.reporters.JUnitReportReporter -->
<testsuite hostname="DESKTOP-V8I7LSO" failures="0" tests="1" name="test.TC10_HomePageSubscription" time="0.888" errors="0" timestamp="2024-02-18T01:12:15 AEDT" skipped="0">
  <testcase classname="test.TC10_HomePageSubscription" name="verifyCartPageSubcription" time="0.888"/>
</testsuite> <!-- test.TC10_HomePageSubscription -->
