<?xml version="1.0" encoding="UTF-8"?>
<!-- Generated by org.testng.reporters.JUnitReportReporter -->
<testsuite hostname="DESKTOP-V8I7LSO" failures="0" tests="2" name="test.TC3_LoginWithInvalidData" time="1.898" errors="0" timestamp="2024-02-17T07:35:28 AEDT" skipped="0">
  <testcase classname="test.TC3_LoginWithInvalidData" name="verifyHomePage" time="0.050"/>
  <testcase classname="test.TC3_LoginWithInvalidData" name="validLogin" time="1.848"/>
</testsuite> <!-- test.TC3_LoginWithInvalidData -->
