<?xml version="1.0" encoding="UTF-8"?>
<!-- Generated by org.testng.reporters.JUnitReportReporter -->
<testsuite hostname="DESKTOP-V8I7LSO" failures="0" tests="1" name="test.TC18_ViewCategoryProducts" time="5.815" errors="0" timestamp="2024-02-21T18:26:11 AEDT" skipped="0">
  <testcase classname="test.TC18_ViewCategoryProducts" name="verifyCategoryProducts" time="5.815"/>
</testsuite> <!-- test.TC18_ViewCategoryProducts -->
