<?xml version="1.0" encoding="UTF-8"?>
<!-- Generated by org.testng.reporters.JUnitReportReporter -->
<testsuite hostname="DESKTOP-V8I7LSO" failures="0" tests="2" name="test.TC14_RegisterWhileCheckout" time="14.171" errors="0" timestamp="2024-02-21T16:25:04 AEDT" skipped="0">
  <testcase classname="test.TC14_RegisterWhileCheckout" name="verifyHomePage" time="0.063"/>
  <testcase classname="test.TC14_RegisterWhileCheckout" name="verifyPlaceOrder" time="14.108"/>
</testsuite> <!-- test.TC14_RegisterWhileCheckout -->
