<?xml version="1.0" encoding="UTF-8"?>
<!-- Generated by org.testng.reporters.JUnitReportReporter -->
<testsuite hostname="DESKTOP-V8I7LSO" failures="0" tests="2" name="test.TC14_24_RegisterWhileCheckoutAndDownloadInvoice" time="16.176" errors="0" timestamp="2024-02-21T18:20:32 AEDT" skipped="0">
  <testcase classname="test.TC14_24_RegisterWhileCheckoutAndDownloadInvoice" name="verifyHomePage" time="0.062"/>
  <testcase classname="test.TC14_24_RegisterWhileCheckoutAndDownloadInvoice" name="verifyPlaceOrderanddownloadInvoice" time="16.114"/>
</testsuite> <!-- test.TC14_24_RegisterWhileCheckoutAndDownloadInvoice -->
