<?xml version="1.0" encoding="UTF-8"?>
<!-- Generated by org.testng.reporters.JUnitReportReporter -->
<testsuite hostname="DESKTOP-V8I7LSO" failures="0" tests="2" name="test.TC12_AddproducttoCart" time="3.113" errors="0" timestamp="2024-02-21T18:19:38 AEDT" skipped="0">
  <testcase classname="test.TC12_AddproducttoCart" name="verifyAddtoCartProduct" time="3.007"/>
  <testcase classname="test.TC12_AddproducttoCart" name="verifyAddtoCartProductDetails" time="0.106"/>
</testsuite> <!-- test.TC12_AddproducttoCart -->
