<?xml version="1.0" encoding="UTF-8"?>
<!-- Generated by org.testng.reporters.JUnitReportReporter -->
<testsuite hostname="DESKTOP-V8I7LSO" failures="0" tests="1" name="test.TC9_SearchFunctionality" time="2.921" errors="0" timestamp="2024-02-21T18:18:43 AEDT" skipped="0">
  <testcase classname="test.TC9_SearchFunctionality" name="verifySearchProduct" time="2.921"/>
</testsuite> <!-- test.TC9_SearchFunctionality -->
