<?xml version="1.0" encoding="UTF-8"?>
<!-- Generated by org.testng.reporters.JUnitReportReporter -->
<testsuite hostname="DESKTOP-V8I7LSO" failures="0" tests="4" name="test.TC15_23_RegisterBeforeCheckoutAndVerifyDeliveryAddress" time="15.823" errors="0" timestamp="2024-02-21T18:21:13 AEDT" skipped="0">
  <testcase classname="test.TC15_23_RegisterBeforeCheckoutAndVerifyDeliveryAddress" name="verifyHomePage" time="0.070"/>
  <testcase classname="test.TC15_23_RegisterBeforeCheckoutAndVerifyDeliveryAddress" name="verifydeliveryAddressincheckoutPage" time="5.954"/>
  <testcase classname="test.TC15_23_RegisterBeforeCheckoutAndVerifyDeliveryAddress" name="verifyPlaceOrderAfterRegister" time="5.133"/>
  <testcase classname="test.TC15_23_RegisterBeforeCheckoutAndVerifyDeliveryAddress" name="verifyAccountDeleted" time="4.666"/>
</testsuite> <!-- test.TC15_23_RegisterBeforeCheckoutAndVerifyDeliveryAddress -->
