<?xml version="1.0" encoding="UTF-8"?>
<!-- Generated by org.testng.reporters.JUnitReportReporter -->
<testsuite hostname="DESKTOP-V8I7LSO" failures="0" tests="1" name="test.TC22_AddtoCartFromRecommendedItems" time="1.055" errors="0" timestamp="2024-02-21T18:31:25 AEDT" skipped="0">
  <testcase classname="test.TC22_AddtoCartFromRecommendedItems" name="VerrifyRecommendedProductsAdded" time="1.055"/>
</testsuite> <!-- test.TC22_AddtoCartFromRecommendedItems -->
