<?xml version="1.0" encoding="UTF-8"?>
<!-- Generated by org.testng.reporters.JUnitReportReporter -->
<testsuite hostname="DESKTOP-V8I7LSO" failures="0" tests="1" name="test.TC6_ContactUsForm" time="24.901" errors="0" timestamp="2024-02-21T18:06:15 AEDT" skipped="0">
  <testcase classname="test.TC6_ContactUsForm" name="CheckContactUsForm" time="24.901"/>
</testsuite> <!-- test.TC6_ContactUsForm -->
