<?xml version="1.0" encoding="UTF-8"?>
<!-- Generated by org.testng.reporters.JUnitReportReporter -->
<testsuite hostname="DESKTOP-V8I7LSO" failures="0" tests="2" name="test.TC16_LoginBeforeCheckout" time="12.831" errors="0" timestamp="2024-02-21T18:25:20 AEDT" skipped="0">
  <testcase classname="test.TC16_LoginBeforeCheckout" name="verifyHomePage" time="0.068"/>
  <testcase classname="test.TC16_LoginBeforeCheckout" name="verifyPlaceOrderAfterRegister" time="12.763"/>
</testsuite> <!-- test.TC16_LoginBeforeCheckout -->
