<?xml version="1.0" encoding="UTF-8"?>
<!-- Generated by org.testng.reporters.JUnitReportReporter -->
<testsuite hostname="DESKTOP-V8I7LSO" failures="0" tests="2" name="test.TC15_RegisterBeforeCheckout" time="31.781" errors="0" timestamp="2024-02-19T19:54:52 AEDT" skipped="0">
  <testcase classname="test.TC15_RegisterBeforeCheckout" name="verifyHomePage" time="1.405"/>
  <testcase classname="test.TC15_RegisterBeforeCheckout" name="verifyPlaceOrderAfterRegister" time="30.376"/>
</testsuite> <!-- test.TC15_RegisterBeforeCheckout -->
