<?xml version="1.0" encoding="UTF-8"?>
<!-- Generated by org.testng.reporters.JUnitReportReporter -->
<testsuite hostname="DESKTOP-V8I7LSO" failures="0" tests="2" name="test.TC4_Logout" time="6.640" errors="0" timestamp="2024-02-17T07:39:20 AEDT" skipped="0">
  <testcase classname="test.TC4_Logout" name="verifyHomePage" time="0.071"/>
  <testcase classname="test.TC4_Logout" name="validLogin" time="6.569"/>
</testsuite> <!-- test.TC4_Logout -->
