<?xml version="1.0" encoding="UTF-8"?>
<!-- Generated by org.testng.reporters.JUnitReportReporter -->
<testsuite hostname="DESKTOP-V8I7LSO" failures="0" tests="1" name="test.TC8_ProductDetailPage" time="4.058" errors="0" timestamp="2024-02-21T18:18:19 AEDT" skipped="0">
  <testcase classname="test.TC8_ProductDetailPage" name="verifyProductDetailsPage" time="4.058"/>
</testsuite> <!-- test.TC8_ProductDetailPage -->
