<?xml version="1.0" encoding="UTF-8"?>
<!-- Generated by org.testng.reporters.JUnitReportReporter -->
<testsuite hostname="DESKTOP-V8I7LSO" failures="0" tests="1" name="test.TC20_SearProductAndCartAfterLogin" time="8.015" errors="0" timestamp="2024-02-21T18:30:18 AEDT" skipped="0">
  <testcase classname="test.TC20_SearProductAndCartAfterLogin" name="verifyCartAfterLogin" time="8.015"/>
</testsuite> <!-- test.TC20_SearProductAndCartAfterLogin -->
