<?xml version="1.0" encoding="UTF-8"?>
<!-- Generated by org.testng.reporters.JUnitReportReporter -->
<testsuite hostname="DESKTOP-V8I7LSO" failures="0" tests="2" name="test.TC25_26_ScrollupAndDownWithAndWithoutArrow" time="0.514" errors="0" timestamp="2024-02-21T18:32:15 AEDT" skipped="0">
  <testcase classname="test.TC25_26_ScrollupAndDownWithAndWithoutArrow" name="verifyScrollupWithArrow" time="0.301"/>
  <testcase classname="test.TC25_26_ScrollupAndDownWithAndWithoutArrow" name="verifyScrollupWithoutArrow" time="0.213"/>
</testsuite> <!-- test.TC25_26_ScrollupAndDownWithAndWithoutArrow -->
