<?xml version="1.0" encoding="UTF-8"?>
<!-- Generated by org.testng.reporters.JUnitReportReporter -->
<testsuite hostname="DESKTOP-V8I7LSO" failures="0" tests="2" name="test.TC1_RegisterUser" time="24.726" errors="0" timestamp="2024-02-21T18:01:16 AEDT" skipped="0">
  <testcase classname="test.TC1_RegisterUser" name="verifyHomePage" time="0.346"/>
  <testcase classname="test.TC1_RegisterUser" name="signUp" time="24.380"/>
</testsuite> <!-- test.TC1_RegisterUser -->
