<?xml version="1.0" encoding="UTF-8"?>
<!-- Generated by org.testng.reporters.JUnitReportReporter -->
<testsuite hostname="DESKTOP-V8I7LSO" failures="0" tests="2" name="test.TC10_11_HomeAndCartPageSubscription" time="4.365" errors="0" timestamp="2024-02-21T18:19:09 AEDT" skipped="0">
  <testcase classname="test.TC10_11_HomeAndCartPageSubscription" name="verifyHomePageSubcription" time="3.752"/>
  <testcase classname="test.TC10_11_HomeAndCartPageSubscription" name="verifyCartPageSubcription" time="0.613"/>
</testsuite> <!-- test.TC10_11_HomeAndCartPageSubscription -->
