<?xml version="1.0" encoding="UTF-8"?>
<!-- Generated by org.testng.reporters.JUnitReportReporter -->
<testsuite hostname="DESKTOP-V8I7LSO" failures="0" tests="2" name="test.TC23_VerifyAddressDetailsInCheckoutPage" time="6.690" errors="0" timestamp="2024-02-21T14:43:08 AEDT" skipped="0">
  <testcase classname="test.TC23_VerifyAddressDetailsInCheckoutPage" name="verifyHomePage" time="0.049"/>
  <testcase classname="test.TC23_VerifyAddressDetailsInCheckoutPage" name="verifydeliveryAddressincheckoutPage" time="6.641"/>
</testsuite> <!-- test.TC23_VerifyAddressDetailsInCheckoutPage -->
