<?xml version="1.0" encoding="UTF-8"?>
<!-- Generated by org.testng.reporters.JUnitReportReporter -->
<testsuite hostname="DESKTOP-V8I7LSO" failures="0" tests="1" name="test.TC13_VerifyProductQuantity" time="1.499" errors="0" timestamp="2024-02-21T18:19:57 AEDT" skipped="0">
  <testcase classname="test.TC13_VerifyProductQuantity" name="verifyProductQuantityInCart" time="1.499"/>
</testsuite> <!-- test.TC13_VerifyProductQuantity -->
