<?xml version="1.0" encoding="UTF-8"?>
<!-- Generated by org.testng.reporters.JUnitReportReporter -->
<testsuite hostname="DESKTOP-V8I7LSO" failures="0" tests="1" name="test.TC7_TestCasePage" time="0.408" errors="0" timestamp="2024-02-21T18:17:40 AEDT" skipped="0">
  <testcase classname="test.TC7_TestCasePage" name="verifyTestCasePage" time="0.408"/>
</testsuite> <!-- test.TC7_TestCasePage -->
