<?xml version="1.0" encoding="UTF-8"?>
<!-- Generated by org.testng.reporters.JUnitReportReporter -->
<testsuite hostname="DESKTOP-V8I7LSO" failures="0" tests="2" name="test.TC17_RemoveProductsFromCart" time="1.682" errors="0" timestamp="2024-02-21T18:25:44 AEDT" skipped="0">
  <testcase classname="test.TC17_RemoveProductsFromCart" name="verifyHomePage" time="0.065"/>
  <testcase classname="test.TC17_RemoveProductsFromCart" name="verifyRemoveProduct" time="1.617"/>
</testsuite> <!-- test.TC17_RemoveProductsFromCart -->
